<?xml version="1.0" encoding="UTF-8"?>
<testsuite xmlns:xsi="http://www.w3.org/2001/XMLSchema-instance" xsi:noNamespaceSchemaLocation="https://maven.apache.org/surefire/maven-surefire-plugin/xsd/surefire-test-report.xsd" name="TestSuite" time="160.871" tests="4" errors="0" skipped="0" failures="1">
  <properties>
[...]
</properties>
  <testcase name="launchApp" classname="appiumtests.Qoo10AppTest" time="20.124"/>
  <testcase name="navigateToHomePage" classname="appiumtests.Qoo10AppTest" time="2.704"/>
  <testcase name="searchItem" classname="appiumtests.Qoo10AppTest" time="14.865"/>
  <testcase name="addItemTo_WishList" classname="appiumtests.Qoo10AppTest" time="119.752">
    <failure message="Can&apos;t locate an element by this strategy: By.chained({By.AndroidUIAutomator: new UiSelector().textContains(&quot;Wish List&quot;)})" type="org.openqa.selenium.NoSuchElementException">org.openqa.selenium.NoSuchElementException: Can't locate an element by this strategy: By.chained({By.AndroidUIAutomator: new UiSelector().textContains("Wish List")})
	at appiumtests.Qoo10AppTest.addItemTo_WishList(Qoo10AppTest.java:55)
Caused by: org.openqa.selenium.TimeoutException: Expected condition failed: waiting for io.appium.java_client.pagefactory.AppiumElementLocator$WaitingFunction@4730ac04 (tried for 1 second(s) with 500 milliseconds interval)
	at appiumtests.Qoo10AppTest.addItemTo_WishList(Qoo10AppTest.java:55)
Caused by: org.openqa.selenium.NoSuchElementException: 
Cannot locate an element using By.chained({By.AndroidUIAutomator: new UiSelector().textContains("Wish List")})
For documentation on this error, please visit: http://seleniumhq.org/exceptions/no_such_element.html
Build info: version: '3.141.5', revision: 'd54ebd709a', time: '2018-11-06T11:42:16'
System info: host: 'DESKTOP-ICSEB02', ip: '192.168.227.1', os.name: 'Windows 10', os.arch: 'amd64', os.version: '10.0', java.version: '1.8.0_241'
Driver info: driver.version: AndroidDriver
	at appiumtests.Qoo10AppTest.addItemTo_WishList(Qoo10AppTest.java:55)
</failure>
  </testcase>
</testsuite>